STATEMENT:

GEOtop 2.0.0 'MOAB' - 9 Mar 2012

Copyright (c), 2012 - Stefano Endrizzi 

TN -EXACT version (tmp)

GEOtop 2.0.0  is a free software and is distributed under GNU General Public License v. 3.0 <http://www.gnu.org/licenses/>
WITHOUT ANY WARRANTY; without even the implied warranty of MERCHANTABILITY or FITNESS FOR A PARTICULAR PURPOSE.


WORKING DIRECTORY: /tmp/geotopOptim_test2/B2site/xx21e1116021e/B2site
[NOTICE]: Using Experimental Logger
[NOTICE]: Configuration file parsing completed. 6019 characters parsed.
[NOTICE]: Full match!
[NOTICE]: Max snow layer number: 24, of which 4 at the bottom, 10 in the middle, and 10 at the top.
[NOTICE]: Infinite Snow layer numbers are numbers: 
	5 6 7 8 9 10 11 12 13 14 
[NOTICE]: Max glac layer number: 0, of which 0 at the bottom, 0 in the middle, and 0 at the top.
[NOTICE]: Infinite Glac layer numbers are numbers: 
	
[WARNING]: SubfolderRecoveryFiles: rec doesn't exist. Attempting to create it...
[WARNING]: rec successfully created

Soil Layers: 9
-> Soil Type: 1
HeaderSoilDz: 20.000000(2.00e+01), 46.142682(4.61e+01), 106.457354(1.06e+02), 245.611392(2.46e+02), 566.658416(5.67e+02), 1307.356950(1.31e+03), 3016.247791(3.02e+03), 6958.888111(6.96e+03), 16055.088010(1.61e+04)
HeaderSoilInitPres: -847.520602(-8.48e+02), -2627.464631(-2.63e+03), -1317.613520(-1.32e+03), -542.875924(-5.43e+02), -89.223157(-8.92e+01), -2715.629972(-2.72e+03), -3522.471222(-3.52e+03), -3307.240341(-3.31e+03), -4177.544945(-4.18e+03)
HeaderSoilInitTemp: 4.000000(4.00e+00), 4.000000(4.00e+00), 4.000000(4.00e+00), 4.000000(4.00e+00), 4.000000(4.00e+00), 0.000000(0.00e+00), 0.000000(0.00e+00), 0.000000(0.00e+00), 0.000000(0.00e+00)
HeaderNormalHydrConductivity: 0.620356(6.20e-01), 0.242500(2.43e-01), 0.406661(4.07e-01), 0.549434(5.49e-01), 0.345329(3.45e-01), 0.256034(2.56e-01), 0.005201(5.20e-03), 0.067703(6.77e-02), 0.053185(5.32e-02)
HeaderLateralHydrConductivity: 0.161066(1.61e-01), 0.161066(1.61e-01), 0.161066(1.61e-01), 0.161066(1.61e-01), 0.161066(1.61e-01), 0.161066(1.61e-01), 0.161066(1.61e-01), 0.161066(1.61e-01), 0.161066(1.61e-01)
HeaderThetaRes: 0.055832(5.58e-02), 0.055832(5.58e-02), 0.055832(5.58e-02), 0.055832(5.58e-02), 0.055832(5.58e-02), 0.055832(5.58e-02), 0.055832(5.58e-02), 0.055832(5.58e-02), 0.055832(5.58e-02)
HeaderWiltingPoint: 0.062442(6.24e-02), 0.062442(6.24e-02), 0.062442(6.24e-02), 0.062442(6.24e-02), 0.062442(6.24e-02), 0.062442(6.24e-02), 0.062442(6.24e-02), 0.062442(6.24e-02), 0.062442(6.24e-02)
HeaderFieldCapacity: 0.096934(9.69e-02), 0.096934(9.69e-02), 0.096934(9.69e-02), 0.096934(9.69e-02), 0.096934(9.69e-02), 0.096934(9.69e-02), 0.096934(9.69e-02), 0.096934(9.69e-02), 0.096934(9.69e-02)
HeaderThetaSat: 0.650122(6.50e-01), 0.650122(6.50e-01), 0.650122(6.50e-01), 0.650122(6.50e-01), 0.650122(6.50e-01), 0.650122(6.50e-01), 0.650122(6.50e-01), 0.650122(6.50e-01), 0.650122(6.50e-01)
HeaderAlpha: 0.078708(7.87e-02), 0.078708(7.87e-02), 0.078708(7.87e-02), 0.078708(7.87e-02), 0.078708(7.87e-02), 0.078708(7.87e-02), 0.078708(7.87e-02), 0.078708(7.87e-02), 0.078708(7.87e-02)
HeaderN: 1.478811(1.48e+00), 1.478811(1.48e+00), 1.478811(1.48e+00), 1.478811(1.48e+00), 1.478811(1.48e+00), 1.478811(1.48e+00), 1.478811(1.48e+00), 1.478811(1.48e+00), 1.478811(1.48e+00)
HeaderV: 0.500000(5.00e-01), 0.500000(5.00e-01), 0.500000(5.00e-01), 0.500000(5.00e-01), 0.500000(5.00e-01), 0.000000(0.00e+00), 0.000000(0.00e+00), 0.000000(0.00e+00), 0.000000(0.00e+00)
HeaderKthSoilSolids: 1.900000(1.90e+00), 1.900000(1.90e+00), 1.900000(1.90e+00), 1.900000(1.90e+00), 1.900000(1.90e+00), 0.000000(0.00e+00), 0.000000(0.00e+00), 0.000000(0.00e+00), 0.000000(0.00e+00)
HeaderCthSoilSolids: 2160000.000000(2.16e+06), 2160000.000000(2.16e+06), 2160000.000000(2.16e+06), 2160000.000000(2.16e+06), 2160000.000000(2.16e+06), 0.000000(0.00e+00), 0.000000(0.00e+00), 0.000000(0.00e+00), 0.000000(0.00e+00)
HeaderSpecificStorativity: 0.000000(1.00e-07), 0.000000(1.00e-07), 0.000000(1.00e-07), 0.000000(1.00e-07), 0.000000(1.00e-07), 0.000000(0.00e+00), 0.000000(0.00e+00), 0.000000(0.00e+00), 0.000000(0.00e+00)

Soil Bedrock Layers: 9
-> Soil Type: 1
HeaderSoilDz: 20.000000(2.00e+01), 46.142682(4.61e+01), 106.457354(1.06e+02), 245.611392(2.46e+02), 566.658416(5.67e+02), 1307.356950(1.31e+03), 3016.247791(3.02e+03), 6958.888111(6.96e+03), 16055.088010(1.61e+04)
HeaderSoilInitPres: -847.520602(-8.48e+02), -2627.464631(-2.63e+03), -1317.613520(-1.32e+03), -542.875924(-5.43e+02), -89.223157(-8.92e+01), -2715.629972(-2.72e+03), -3522.471222(-3.52e+03), -3307.240341(-3.31e+03), -4177.544945(-4.18e+03)
HeaderSoilInitTemp: 4.000000(4.00e+00), 4.000000(4.00e+00), 4.000000(4.00e+00), 4.000000(4.00e+00), 4.000000(4.00e+00), 0.000000(0.00e+00), 0.000000(0.00e+00), 0.000000(0.00e+00), 0.000000(0.00e+00)
HeaderNormalHydrConductivity: 0.620356(6.20e-01), 0.242500(2.43e-01), 0.406661(4.07e-01), 0.549434(5.49e-01), 0.345329(3.45e-01), 0.256034(2.56e-01), 0.005201(5.20e-03), 0.067703(6.77e-02), 0.053185(5.32e-02)
HeaderLateralHydrConductivity: 0.161066(1.61e-01), 0.161066(1.61e-01), 0.161066(1.61e-01), 0.161066(1.61e-01), 0.161066(1.61e-01), 0.161066(1.61e-01), 0.161066(1.61e-01), 0.161066(1.61e-01), 0.161066(1.61e-01)
HeaderThetaRes: 0.055832(5.58e-02), 0.055832(5.58e-02), 0.055832(5.58e-02), 0.055832(5.58e-02), 0.055832(5.58e-02), 0.055832(5.58e-02), 0.055832(5.58e-02), 0.055832(5.58e-02), 0.055832(5.58e-02)
HeaderWiltingPoint: 0.062442(6.24e-02), 0.062442(6.24e-02), 0.062442(6.24e-02), 0.062442(6.24e-02), 0.062442(6.24e-02), 0.062442(6.24e-02), 0.062442(6.24e-02), 0.062442(6.24e-02), 0.062442(6.24e-02)
HeaderFieldCapacity: 0.096934(9.69e-02), 0.096934(9.69e-02), 0.096934(9.69e-02), 0.096934(9.69e-02), 0.096934(9.69e-02), 0.096934(9.69e-02), 0.096934(9.69e-02), 0.096934(9.69e-02), 0.096934(9.69e-02)
HeaderThetaSat: 0.650122(6.50e-01), 0.650122(6.50e-01), 0.650122(6.50e-01), 0.650122(6.50e-01), 0.650122(6.50e-01), 0.650122(6.50e-01), 0.650122(6.50e-01), 0.650122(6.50e-01), 0.650122(6.50e-01)
HeaderAlpha: 0.078708(7.87e-02), 0.078708(7.87e-02), 0.078708(7.87e-02), 0.078708(7.87e-02), 0.078708(7.87e-02), 0.078708(7.87e-02), 0.078708(7.87e-02), 0.078708(7.87e-02), 0.078708(7.87e-02)
HeaderN: 1.478811(1.48e+00), 1.478811(1.48e+00), 1.478811(1.48e+00), 1.478811(1.48e+00), 1.478811(1.48e+00), 1.478811(1.48e+00), 1.478811(1.48e+00), 1.478811(1.48e+00), 1.478811(1.48e+00)
HeaderV: 0.500000(5.00e-01), 0.500000(5.00e-01), 0.500000(5.00e-01), 0.500000(5.00e-01), 0.500000(5.00e-01), 0.000000(0.00e+00), 0.000000(0.00e+00), 0.000000(0.00e+00), 0.000000(0.00e+00)
HeaderKthSoilSolids: 1.900000(1.90e+00), 1.900000(1.90e+00), 1.900000(1.90e+00), 1.900000(1.90e+00), 1.900000(1.90e+00), 0.000000(0.00e+00), 0.000000(0.00e+00), 0.000000(0.00e+00), 0.000000(0.00e+00)
HeaderCthSoilSolids: 2160000.000000(2.16e+06), 2160000.000000(2.16e+06), 2160000.000000(2.16e+06), 2160000.000000(2.16e+06), 2160000.000000(2.16e+06), 0.000000(0.00e+00), 0.000000(0.00e+00), 0.000000(0.00e+00), 0.000000(0.00e+00)
HeaderSpecificStorativity: 0.000000(1.00e-07), 0.000000(1.00e-07), 0.000000(1.00e-07), 0.000000(1.00e-07), 0.000000(1.00e-07), 0.000000(0.00e+00), 0.000000(0.00e+00), 0.000000(0.00e+00), 0.000000(0.00e+00)

[WARNING]: File/tmp/geotopOptim_test2/B2site/xx21e1116021e/B2site/dem not existing
[WARNING]: Dem file not present
[WARNING]: File/tmp/geotopOptim_test2/B2site/xx21e1116021e/B2site/landcover not existing
[WARNING]: Landuse file not present, uniform cover considered
[WARNING]: File/tmp/geotopOptim_test2/B2site/xx21e1116021e/B2site/sky not existing
[WARNING]: Sky view factor file not present
[NOTICE]: not present in file list
[WARNING]: Bedrock depth file not present
[WARNING]: Dem file is not present, and therefore it is not possible to calculate curvature

POINTS:
ID,East[m],North[m],Elevation[masl],LandCoverType,SoilType,Slope[deg],Aspect[deg],SkyViewFactor[-],CurvatureN-S[1/m],CurvatureW-E[1/m],CurvatureNW-SE[1/m],CurvatureNE-SW[1/m],DepthFreeSurface[mm],Hor,maxSWE[mm],Lat[deg],Long[deg]
620815.000000,5171506.000000,1.000000,1480.000000,1.000000,1.000000,15.000000,225.000000,1.000000,0.000000,0.000000,0.000000,0.000000,0.000000,1.000000,10000000000.000000,46.668000,10.579000,
[WARNING]: No horizon file found for point type #1. In this case the horizon will be considered always not obscured, i.e. shadow=FALSE
[NOTICE]: Valid pixels: 1
[NOTICE]: Number of nodes: 10
[NOTICE]: Novalue pixels: 0
[NOTICE]: Basin area:        1e-06 km2
[NOTICE]: Valid pixels: 1
[NOTICE]: Number of nodes: 10
[NOTICE]: Novalue pixels: 0
[NOTICE]: Basin area:        1e-06 km2
[WARNING]: Horizon file FOUND for meteo station #1

CHECKPOINTS:
ID,r,c,Elevation[masl],LandCoverType,SoilType,Slope[deg],Aspect[deg],SkyViewFactor[-]
1,1,1,        1480,1,1,          15,         225,           1

METEO STATIONS:
ID,East[m],North[m],Lat[deg],Lon[deg],Elev[m a.s.l.],Sky[deg],Stand_Time[h],WindSensHeight[m],TempSensHeight[m]
1,      620815, 5.17151e+06,       46.55,        7.99,        1480,           1,           0,         2.5,           2
[NOTICE]: There is a specific vegetation parameter file for land cover type = 1
[NOTICE]: Channel pixels: 0
[NOTICE]: INPUT: printing delay_day_recover 0.000000

[NOTICE]: Checking for map files undefined...
[WARNING]: File InLongwaveRadiationMapFile [usually defined in output_maps/LWin] NOT DEFINED
[WARNING]: File InLongwaveRadiationMapFile[usually defined in output_maps/LWin] NOT DEFINED
[WARNING]: File  with fradSWin identifier NOT DEFINED
[WARNING]: File  with fradSWin identifier  NOT DEFINED
[WARNING]: File  with fradSwinbeam identifier  NOT DEFINED
[WARNING]: File ShadowFractionTimeMapFile [= maps/Shadow???] NOT DEFINED
[WARNING]: 6 mapfiles undefined: see above for names of missing files
[NOTICE]: Soil water evaporates from the first 3 layers
[NOTICE]: Soil water transpires from the first 8 layers
[NOTICE]: Duration of simulation: 95.470000

[NOTICE]: Close files
[NOTICE]: Deallocating global variables
[NOTICE]: Deallocating soil
[NOTICE]: Deallocating top
[NOTICE]: Deallocating land
[NOTICE]: Deallocating water
[NOTICE]: Deallocating channel network
[NOTICE]: Deallocating UV
[NOTICE]: Deallocating[NOTICE]: Duration of simulation: 96.540000

[NOTICE]: Close files
[NOTICE]: Deallocating global variables
[NOTICE]: Deallocating soil
[NOTICE]: Deallocating top
[NOTICE]: Deallocating land
[NOTICE]: Deallocating water
[NOTICE]: Deallocating channel network
[NOTICE]: Deallocating UV
[NOTICE]: Deallocating egy
[NOTICE]: Deallocating snow
[NOTICE]: Deallocating glacier
[NOTICE]: Deallocating met
[NOTICE]: Deallocating times
[NOTICE]: Deallocating par
[NOTICE]: Deallocating novalues
[NOTICE]: End of simulation!

